<?xml version="1.0" encoding="UTF-8"?>
<testng-results ignored="0" total="1" passed="1" failed="0" skipped="0">
  <reporter-output>
  </reporter-output>
  <suite started-at="2024-05-15T14:20:00 AEST" name="Default suite" finished-at="2024-05-15T14:20:08 AEST" duration-ms="7680">
    <groups>
    </groups>
    <test started-at="2024-05-15T14:20:00 AEST" name="Default test" finished-at="2024-05-15T14:20:08 AEST" duration-ms="7680">
      <class name="PracticeSelenium.Excelreader">
        <test-method signature="sample()[pri:0, instance:PracticeSelenium.Excelreader@f5ac9e4]" started-at="2024-05-15T14:20:00 AEST" name="sample" finished-at="2024-05-15T14:20:08 AEST" duration-ms="7585" status="PASS">
          <reporter-output>
          </reporter-output>
        </test-method> <!-- sample -->
      </class> <!-- PracticeSelenium.Excelreader -->
    </test> <!-- Default test -->
  </suite> <!-- Default suite -->
</testng-results>
